[debug] > Exec(sbtStashOnFailure, None, None)
[debug] > Exec(sbtMapExec 35 __373143aa-c135-460c-8736-edab5ad65b7a, None, None)
[debug] > Exec(bspScalaTestClasses file:/C:/My%20files/Uni%20Assignments/CSE%20Year%202%20term%202/Paradigms/game-engine/#game-engine/Test, Some(__373143aa-c135-460c-8736-edab5ad65b7a), Some(CommandSource(network-1)))
[debug] jsonRpcNotify: JsonRpcNotificationMessage(2.0, build/logMessage, {"type":4,"message":"Processing buildTarget/scalaTestClasses"})
[debug] Evaluating tasks: bspScalaTestClasses
[debug] Running task... Cancel: Signal, check cycles: false, forcegc: true
[debug] jsonRpcNotify: JsonRpcNotificationMessage(2.0, build/taskStart, {"taskId":{"id":"54","parents":[]},"eventTime":1683528984581,"message":"Compiling game-engine","dataKind":"compile-task","data":{"target":{"uri":"file:/C:/My%20files/Uni%20Assignments/CSE%20Year%202%20term%202/Paradigms/game-engine/#game-engine/Compile"}}})
[debug] jsonRpcNotify: JsonRpcNotificationMessage(2.0, build/taskStart, {"taskId":{"id":"54","parents":[]},"eventTime":1683528984581,"message":"Compiling game-engine","dataKind":"compile-task","data":{"target":{"uri":"file:/C:/My%20files/Uni%20Assignments/CSE%20Year%202%20term%202/Paradigms/game-engine/#game-engine/Compile"}}})
[debug] jsonRpcNotify: JsonRpcNotificationMessage(2.0, build/taskStart, {"taskId":{"id":"54","parents":[]},"eventTime":1683528984581,"message":"Compiling game-engine","dataKind":"compile-task","data":{"target":{"uri":"file:/C:/My%20files/Uni%20Assignments/CSE%20Year%202%20term%202/Paradigms/game-engine/#game-engine/Compile"}}})
[debug] jsonRpcNotify: JsonRpcNotificationMessage(2.0, build/taskFinish, {"taskId":{"id":"54","parents":[]},"eventTime":1683528984597,"message":"Compiled game-engine","status":1,"dataKind":"compile-report","data":{"target":{"uri":"file:/C:/My%20files/Uni%20Assignments/CSE%20Year%202%20term%202/Paradigms/game-engine/#game-engine/Compile"},"errors":0,"warnings":0,"time":16}})
[debug] jsonRpcNotify: JsonRpcNotificationMessage(2.0, build/taskFinish, {"taskId":{"id":"54","parents":[]},"eventTime":1683528984597,"message":"Compiled game-engine","status":1,"dataKind":"compile-report","data":{"target":{"uri":"file:/C:/My%20files/Uni%20Assignments/CSE%20Year%202%20term%202/Paradigms/game-engine/#game-engine/Compile"},"errors":0,"warnings":0,"time":16}})
[debug] jsonRpcNotify: JsonRpcNotificationMessage(2.0, build/taskFinish, {"taskId":{"id":"54","parents":[]},"eventTime":1683528984597,"message":"Compiled game-engine","status":1,"dataKind":"compile-report","data":{"target":{"uri":"file:/C:/My%20files/Uni%20Assignments/CSE%20Year%202%20term%202/Paradigms/game-engine/#game-engine/Compile"},"errors":0,"warnings":0,"time":16}})
[debug] jsonRpcNotify: JsonRpcNotificationMessage(2.0, build/taskStart, {"taskId":{"id":"55","parents":[]},"eventTime":1683528984655,"message":"Compiling game-engine-test","dataKind":"compile-task","data":{"target":{"uri":"file:/C:/My%20files/Uni%20Assignments/CSE%20Year%202%20term%202/Paradigms/game-engine/#game-engine/Test"}}})
[debug] jsonRpcNotify: JsonRpcNotificationMessage(2.0, build/taskStart, {"taskId":{"id":"55","parents":[]},"eventTime":1683528984655,"message":"Compiling game-engine-test","dataKind":"compile-task","data":{"target":{"uri":"file:/C:/My%20files/Uni%20Assignments/CSE%20Year%202%20term%202/Paradigms/game-engine/#game-engine/Test"}}})
[debug] jsonRpcNotify: JsonRpcNotificationMessage(2.0, build/taskStart, {"taskId":{"id":"55","parents":[]},"eventTime":1683528984655,"message":"Compiling game-engine-test","dataKind":"compile-task","data":{"target":{"uri":"file:/C:/My%20files/Uni%20Assignments/CSE%20Year%202%20term%202/Paradigms/game-engine/#game-engine/Test"}}})
[debug] jsonRpcNotify: JsonRpcNotificationMessage(2.0, build/taskFinish, {"taskId":{"id":"55","parents":[]},"eventTime":1683528984665,"message":"Compiled game-engine-test","status":1,"dataKind":"compile-report","data":{"target":{"uri":"file:/C:/My%20files/Uni%20Assignments/CSE%20Year%202%20term%202/Paradigms/game-engine/#game-engine/Test"},"errors":0,"warnings":0,"time":10}})
[debug] jsonRpcNotify: JsonRpcNotificationMessage(2.0, build/taskFinish, {"taskId":{"id":"55","parents":[]},"eventTime":1683528984665,"message":"Compiled game-engine-test","status":1,"dataKind":"compile-report","data":{"target":{"uri":"file:/C:/My%20files/Uni%20Assignments/CSE%20Year%202%20term%202/Paradigms/game-engine/#game-engine/Test"},"errors":0,"warnings":0,"time":10}})
[debug] jsonRpcNotify: JsonRpcNotificationMessage(2.0, build/taskFinish, {"taskId":{"id":"55","parents":[]},"eventTime":1683528984665,"message":"Compiled game-engine-test","status":1,"dataKind":"compile-report","data":{"target":{"uri":"file:/C:/My%20files/Uni%20Assignments/CSE%20Year%202%20term%202/Paradigms/game-engine/#game-engine/Test"},"errors":0,"warnings":0,"time":10}})
[success] Total time: 1 s, completed May 8, 2023, 8:56:24 AM
[debug] > Exec(sbtCompleteExec 35, None, None)
[debug] > Exec(resumeFromFailure, None, None)
[debug] > Exec(sbtPopOnFailure, None, None)
[debug] > Exec(sbtReportResult 35, Some(35), Some(CommandSource(network-1)))
[debug] unmatched Processing event for requestId Some(35): None
[debug] unmatched json response for requestId Some(35): {"status":"Done","channelName":"network-1","execId":"35","commandQueue":["shell"],"exitCode":0}
[debug] > Exec(shell, None, None)
