[debug] > Exec(sbtStashOnFailure, None, None)
[debug] > Exec(sbtMapExec 36 __0c94a558-f000-4652-9dc8-44104eb4e82a, None, None)
[debug] > Exec(bspBuildTargetJVMRunEnvironment file:/C:/My%20files/Uni%20Assignments/CSE%20Year%202%20term%202/Paradigms/game-engine/#game-engine/Test, Some(__0c94a558-f000-4652-9dc8-44104eb4e82a), Some(CommandSource(network-1)))
[debug] jsonRpcNotify: JsonRpcNotificationMessage(2.0, build/logMessage, {"type":4,"message":"Processing buildTarget/jvmRunEnvironment"})
[debug] Evaluating tasks: Compile / bspBuildTargetJVMRunEnvironment
[debug] Running task... Cancel: Signal, check cycles: false, forcegc: true
[debug] jsonRpcNotify: JsonRpcNotificationMessage(2.0, build/taskStart, {"taskId":{"id":"56","parents":[]},"eventTime":1683528985327,"message":"Compiling game-engine","dataKind":"compile-task","data":{"target":{"uri":"file:/C:/My%20files/Uni%20Assignments/CSE%20Year%202%20term%202/Paradigms/game-engine/#game-engine/Compile"}}})
[debug] jsonRpcNotify: JsonRpcNotificationMessage(2.0, build/taskStart, {"taskId":{"id":"56","parents":[]},"eventTime":1683528985327,"message":"Compiling game-engine","dataKind":"compile-task","data":{"target":{"uri":"file:/C:/My%20files/Uni%20Assignments/CSE%20Year%202%20term%202/Paradigms/game-engine/#game-engine/Compile"}}})
[debug] jsonRpcNotify: JsonRpcNotificationMessage(2.0, build/taskStart, {"taskId":{"id":"56","parents":[]},"eventTime":1683528985327,"message":"Compiling game-engine","dataKind":"compile-task","data":{"target":{"uri":"file:/C:/My%20files/Uni%20Assignments/CSE%20Year%202%20term%202/Paradigms/game-engine/#game-engine/Compile"}}})
[debug] jsonRpcNotify: JsonRpcNotificationMessage(2.0, build/taskFinish, {"taskId":{"id":"56","parents":[]},"eventTime":1683528985340,"message":"Compiled game-engine","status":1,"dataKind":"compile-report","data":{"target":{"uri":"file:/C:/My%20files/Uni%20Assignments/CSE%20Year%202%20term%202/Paradigms/game-engine/#game-engine/Compile"},"errors":0,"warnings":0,"time":13}})
[debug] jsonRpcNotify: JsonRpcNotificationMessage(2.0, build/taskFinish, {"taskId":{"id":"56","parents":[]},"eventTime":1683528985340,"message":"Compiled game-engine","status":1,"dataKind":"compile-report","data":{"target":{"uri":"file:/C:/My%20files/Uni%20Assignments/CSE%20Year%202%20term%202/Paradigms/game-engine/#game-engine/Compile"},"errors":0,"warnings":0,"time":13}})
[debug] jsonRpcNotify: JsonRpcNotificationMessage(2.0, build/taskFinish, {"taskId":{"id":"56","parents":[]},"eventTime":1683528985340,"message":"Compiled game-engine","status":1,"dataKind":"compile-report","data":{"target":{"uri":"file:/C:/My%20files/Uni%20Assignments/CSE%20Year%202%20term%202/Paradigms/game-engine/#game-engine/Compile"},"errors":0,"warnings":0,"time":13}})
[debug] jsonRpcNotify: JsonRpcNotificationMessage(2.0, build/taskStart, {"taskId":{"id":"57","parents":[]},"eventTime":1683528985395,"message":"Compiling game-engine-test","dataKind":"compile-task","data":{"target":{"uri":"file:/C:/My%20files/Uni%20Assignments/CSE%20Year%202%20term%202/Paradigms/game-engine/#game-engine/Test"}}})
[debug] jsonRpcNotify: JsonRpcNotificationMessage(2.0, build/taskStart, {"taskId":{"id":"57","parents":[]},"eventTime":1683528985395,"message":"Compiling game-engine-test","dataKind":"compile-task","data":{"target":{"uri":"file:/C:/My%20files/Uni%20Assignments/CSE%20Year%202%20term%202/Paradigms/game-engine/#game-engine/Test"}}})
[debug] jsonRpcNotify: JsonRpcNotificationMessage(2.0, build/taskStart, {"taskId":{"id":"57","parents":[]},"eventTime":1683528985395,"message":"Compiling game-engine-test","dataKind":"compile-task","data":{"target":{"uri":"file:/C:/My%20files/Uni%20Assignments/CSE%20Year%202%20term%202/Paradigms/game-engine/#game-engine/Test"}}})
[debug] jsonRpcNotify: JsonRpcNotificationMessage(2.0, build/taskFinish, {"taskId":{"id":"57","parents":[]},"eventTime":1683528985412,"message":"Compiled game-engine-test","status":1,"dataKind":"compile-report","data":{"target":{"uri":"file:/C:/My%20files/Uni%20Assignments/CSE%20Year%202%20term%202/Paradigms/game-engine/#game-engine/Test"},"errors":0,"warnings":0,"time":17}})
[debug] jsonRpcNotify: JsonRpcNotificationMessage(2.0, build/taskFinish, {"taskId":{"id":"57","parents":[]},"eventTime":1683528985412,"message":"Compiled game-engine-test","status":1,"dataKind":"compile-report","data":{"target":{"uri":"file:/C:/My%20files/Uni%20Assignments/CSE%20Year%202%20term%202/Paradigms/game-engine/#game-engine/Test"},"errors":0,"warnings":0,"time":17}})
[debug] jsonRpcNotify: JsonRpcNotificationMessage(2.0, build/taskFinish, {"taskId":{"id":"57","parents":[]},"eventTime":1683528985412,"message":"Compiled game-engine-test","status":1,"dataKind":"compile-report","data":{"target":{"uri":"file:/C:/My%20files/Uni%20Assignments/CSE%20Year%202%20term%202/Paradigms/game-engine/#game-engine/Test"},"errors":0,"warnings":0,"time":17}})
[success] Total time: 1 s, completed May 8, 2023, 8:56:25 AM
[debug] > Exec(sbtCompleteExec 36, None, None)
[debug] > Exec(resumeFromFailure, None, None)
[debug] > Exec(sbtPopOnFailure, None, None)
[debug] > Exec(sbtReportResult 36, Some(36), Some(CommandSource(network-1)))
[debug] unmatched Processing event for requestId Some(36): None
[debug] unmatched json response for requestId Some(36): {"status":"Done","channelName":"network-1","execId":"36","commandQueue":["shell"],"exitCode":0}
[debug] > Exec(shell, None, None)
[debug] jsonRpcNotify: JsonRpcNotificationMessage(2.0, build/logMessage, {"type":3,"message":"Configured debugger context in 7 seconds"})
[debug] jsonRpcNotify: JsonRpcNotificationMessage(2.0, build/logMessage, {"type":3,"message":"Configured debugger context in 7 seconds"})
[debug] jsonRpcNotify: JsonRpcNotificationMessage(2.0, build/logMessage, {"type":3,"message":"Configured debugger context in 7 seconds"})
[debug] jsonRpcNotify: JsonRpcNotificationMessage(2.0, build/logMessage, {"type":3,"message":"Trying to attach to remote debuggee VM 127.0.0.1:58772 ."})
[debug] jsonRpcNotify: JsonRpcNotificationMessage(2.0, build/logMessage, {"type":3,"message":"Trying to attach to remote debuggee VM 127.0.0.1:58772 ."})
[debug] jsonRpcNotify: JsonRpcNotificationMessage(2.0, build/logMessage, {"type":3,"message":"Trying to attach to remote debuggee VM 127.0.0.1:58772 ."})
[debug] jsonRpcNotify: JsonRpcNotificationMessage(2.0, build/logMessage, {"type":3,"message":"Attaching to debuggee VM succeeded."})
[debug] jsonRpcNotify: JsonRpcNotificationMessage(2.0, build/logMessage, {"type":3,"message":"Attaching to debuggee VM succeeded."})
[debug] jsonRpcNotify: JsonRpcNotificationMessage(2.0, build/logMessage, {"type":3,"message":"Attaching to debuggee VM succeeded."})
